<?xml version="1.0" encoding="UTF-8"?>
<!-- Generated by org.testng.reporters.JUnitReportReporter -->
<testsuite hostname="WINCTRL-5A2P17D" name="module1.Prog2" tests="2" failures="0" timestamp="5 Jan 2019 03:50:23 GMT" time="50.266" errors="0">
  <testcase name="createAccount" time="11.181" classname="module1.Prog2"/>
  <testcase name="loginTest" time="39.085" classname="module1.Prog2"/>
</testsuite> <!-- module1.Prog2 -->
