<?xml version="1.0" encoding="UTF-8"?>
<!-- Generated by org.testng.reporters.JUnitReportReporter -->
<testsuite hostname="WINCTRL-5A2P17D" name="module1.Prog2" tests="1" failures="0" timestamp="11 Nov 2018 13:54:31 GMT" time="25.881" errors="0">
  <testcase name="loginTest" time="25.881" classname="module1.Prog2"/>
</testsuite> <!-- module1.Prog2 -->
